生成启动时间为 2022/5/3 19:48:25。
     1>项目“D:\study_for_work\c++\模板\模板\模板\模板.vcxproj”在节点 2 上(Build 个目标)。
     1>C:\Program Files (x86)\MSBuild\Microsoft.Cpp\v4.0\V120\Microsoft.CppBuild.targets(388,5): warning MSB8028: The intermediate directory (Debug\) contains files shared from another project (模板.vcxproj).  This can lead to incorrect clean and rebuild behavior.
     1>ClCompile:
         D:\vs2013\VC\bin\CL.exe /c /ZI /nologo /W3 /WX- /sdl /Od /Oy- /D _UNICODE /D UNICODE /Gm /EHsc /RTC1 /MDd /GS /fp:precise /Zc:wchar_t /Zc:forScope /Fo"Debug\\" /Fd"Debug\vc120.pdb" /Gd /TP /analyze- /errorReport:prompt "函数模板.cpp" "函数模板的案例.cpp" "函数模板的注意事项.cpp" "普通函数与模板函数的区别.cpp" "模板的局限性.cpp" "模板的概念.cpp"
         模板的局限性.cpp
         正在生成代码...
         正在跳过...(未检测到相关更改)
         模板的概念.cpp
         普通函数与模板函数的区别.cpp
         函数模板的注意事项.cpp
         函数模板的案例.cpp
         函数模板.cpp
       Link:
         D:\vs2013\VC\bin\link.exe /ERRORREPORT:PROMPT /OUT:"D:\study_for_work\c++\模板\模板\Debug\函数模板.exe" /INCREMENTAL /NOLOGO kernel32.lib user32.lib gdi32.lib winspool.lib comdlg32.lib advapi32.lib shell32.lib ole32.lib oleaut32.lib uuid.lib odbc32.lib odbccp32.lib /MANIFEST /MANIFESTUAC:"level='asInvoker' uiAccess='false'" /manifest:embed /DEBUG /PDB:"D:\study_for_work\c++\模板\模板\Debug\函数模板.pdb" /TLBID:1 /DYNAMICBASE /NXCOMPAT /IMPLIB:"D:\study_for_work\c++\模板\模板\Debug\函数模板.lib" /MACHINE:X86 "Debug\函数模板.obj"
         "Debug\函数模板的案例.obj"
         "Debug\函数模板的注意事项.obj"
         "Debug\普通函数与函数模板的调用规则.obj"
         "Debug\普通函数与模板函数的区别.obj"
         "Debug\模板的局限性.obj"
         "Debug\模板的概念.obj"
         模板.vcxproj -> D:\study_for_work\c++\模板\模板\Debug\函数模板.exe
     1>已完成生成项目“D:\study_for_work\c++\模板\模板\模板\模板.vcxproj”(Build 个目标)的操作。

生成成功。

已用时间 00:00:00.46
