生成启动时间为 2022/5/5 13:09:45。
     1>项目“D:\study_for_work\c++\模板\类模板\类模板\类模板\类模板.vcxproj”在节点 2 上(Build 个目标)。
     1>ClCompile:
         D:\vs2013\VC\bin\CL.exe /c /ZI /nologo /W3 /WX- /sdl /Od /Oy- /D _UNICODE /D UNICODE /Gm /EHsc /RTC1 /MDd /GS /fp:precise /Zc:wchar_t /Zc:forScope /Fo"Debug\\" /Fd"Debug\vc120.pdb" /Gd /TP /analyze- /errorReport:prompt "类模板案例.cpp"
         类模板案例.cpp
       Link:
         D:\vs2013\VC\bin\link.exe /ERRORREPORT:PROMPT /OUT:"D:\study_for_work\c++\模板\类模板\类模板\Debug\类模板.exe" /INCREMENTAL /NOLOGO kernel32.lib user32.lib gdi32.lib winspool.lib comdlg32.lib advapi32.lib shell32.lib ole32.lib oleaut32.lib uuid.lib odbc32.lib odbccp32.lib /MANIFEST /MANIFESTUAC:"level='asInvoker' uiAccess='false'" /manifest:embed /DEBUG /PDB:"D:\study_for_work\c++\模板\类模板\类模板\Debug\类模板.pdb" /TLBID:1 /DYNAMICBASE /NXCOMPAT /IMPLIB:"D:\study_for_work\c++\模板\类模板\类模板\Debug\类模板.lib" /MACHINE:X86 Debug\person.obj
         "Debug\类模板与友元.obj"
         "Debug\类模板与继承.obj"
         "Debug\类模板中成员函数创建时机.obj"
         "Debug\类模板和函数模板的区别.obj"
         "Debug\类模板对象做函数参数.obj"
         "Debug\类模板成员函数类外实现.obj"
         "Debug\类模板案例.obj"
         "Debug\类模板的分文件编写.obj"
         "Debug\类模板语法.obj"
         类模板.vcxproj -> D:\study_for_work\c++\模板\类模板\类模板\Debug\类模板.exe
     1>已完成生成项目“D:\study_for_work\c++\模板\类模板\类模板\类模板\类模板.vcxproj”(Build 个目标)的操作。

生成成功。

已用时间 00:00:00.48
